2020-07-23 10:38:56,254 [Worker-5: Loading available Gradle versions] INFO  o.e.b.c.i.u.g.PublishedGradleVersions - Gradle version information cache is up-to-date. Trying to read.
2020-11-11 19:54:10,503 [Worker-5: Loading available Gradle versions] INFO  o.e.b.c.i.u.g.PublishedGradleVersions - Gradle version information cache is up-to-date. Trying to read.
2020-11-11 19:56:09,059 [Worker-3: Import Getting Started Content] INFO  o.e.m.c.i.l.LifecycleMappingFactory - Using org.maven.ide.eclipse.wtp.WarLifecycleMapping lifecycle mapping for MavenProject: com.codingdojo:Human:0.0.1-SNAPSHOT @ /Users/Trevor/Desktop/CodingDojo/javafun/TrevorR-Assignments/04-java-spring/01-spring-fundamentals/03-hello-human/Human/pom.xml.
2020-11-11 19:56:11,156 [Worker-3: Import Getting Started Content] INFO  o.e.m.j.i.AbstractJavaProjectConfigurator - Adding source folder /Human/src/main/java
2020-11-11 19:56:11,157 [Worker-3: Import Getting Started Content] INFO  o.e.m.j.i.AbstractJavaProjectConfigurator - Adding resource folder /Human/src/main/resources
2020-11-11 19:56:11,173 [Worker-3: Import Getting Started Content] INFO  o.e.m.j.i.AbstractJavaProjectConfigurator - Adding resource folder /Human/src/main/resources
2020-11-11 19:56:11,194 [Worker-3: Import Getting Started Content] INFO  o.e.m.j.i.AbstractJavaProjectConfigurator - Adding source folder /Human/src/test/java
2020-11-11 19:56:17,325 [Worker-3: Import Getting Started Content] INFO  o.e.m.c.i.p.ProjectConfigurationManager - Imported and configured 1 project(s) in 10 sec
2020-11-11 19:56:17,329 [Worker-3: Import Getting Started Content] INFO  o.e.m.c.i.p.ProjectConfigurationManager - Update started
2020-11-11 19:56:17,877 [Worker-3: Import Getting Started Content] INFO  o.e.m.c.i.l.LifecycleMappingFactory - Using org.maven.ide.eclipse.wtp.WarLifecycleMapping lifecycle mapping for MavenProject: com.codingdojo:Human:0.0.1-SNAPSHOT @ /Users/Trevor/Desktop/CodingDojo/javafun/TrevorR-Assignments/04-java-spring/01-spring-fundamentals/03-hello-human/Human/pom.xml.
2020-11-11 19:56:19,033 [Worker-3: Import Getting Started Content] INFO  o.e.m.j.i.AbstractJavaProjectConfigurator - Adding source folder /Human/src/main/java
2020-11-11 19:56:19,034 [Worker-3: Import Getting Started Content] INFO  o.e.m.j.i.AbstractJavaProjectConfigurator - Adding resource folder /Human/src/main/resources
2020-11-11 19:56:19,034 [Worker-3: Import Getting Started Content] INFO  o.e.m.j.i.AbstractJavaProjectConfigurator - Adding resource folder /Human/src/main/resources
2020-11-11 19:56:19,035 [Worker-3: Import Getting Started Content] INFO  o.e.m.j.i.AbstractJavaProjectConfigurator - Adding source folder /Human/src/test/java
2020-11-11 19:56:21,013 [Worker-3: Import Getting Started Content] INFO  o.e.m.w.i.f.ResourceFilteringBuildParticipant - Cleaning filtered folder for Human
2020-11-11 19:56:21,028 [Worker-3: Import Getting Started Content] INFO  o.e.m.c.i.p.ProjectConfigurationManager - Update completed: 3 sec
2020-11-11 19:56:22,362 [Worker-6: Building] INFO  o.e.m.c.i.embedder.EclipseLogger - Using 'UTF-8' encoding to copy filtered resources.
2020-11-11 19:56:22,409 [Worker-6: Building] INFO  o.e.m.c.i.embedder.EclipseLogger - Copying 1 resource
2020-11-11 19:56:22,483 [Worker-6: Building] INFO  o.e.m.c.i.embedder.EclipseLogger - Copying 0 resource
2020-11-11 19:56:22,486 [Worker-6: Building] INFO  o.e.m.c.i.embedder.EclipseLogger - Using 'UTF-8' encoding to copy filtered resources.
2020-11-11 19:56:22,487 [Worker-6: Building] INFO  o.e.m.c.i.embedder.EclipseLogger - skip non existing resourceDirectory /Users/Trevor/Desktop/CodingDojo/javafun/TrevorR-Assignments/04-java-spring/01-spring-fundamentals/03-hello-human/Human/src/test/resources
2020-11-11 19:56:22,492 [Worker-6: Building] INFO  o.e.m.w.i.f.ResourceFilteringBuildParticipant - Changed resources require a complete clean of filtered resources of Human
2020-11-11 19:56:22,493 [Worker-6: Building] INFO  o.e.m.w.i.f.ResourceFilteringBuildParticipant - Executing resource filtering for Human
2020-11-11 19:56:22,534 [Worker-6: Building] INFO  o.e.m.c.i.embedder.EclipseLogger - Using 'UTF-8' encoding to copy filtered resources.
2020-11-11 19:56:57,781 [Worker-11: Building] INFO  o.e.m.c.i.l.LifecycleMappingFactory - Using org.maven.ide.eclipse.wtp.WarLifecycleMapping lifecycle mapping for MavenProject: com.codingdojo:Human:0.0.1-SNAPSHOT @ /Users/Trevor/Desktop/CodingDojo/javafun/TrevorR-Assignments/04-java-spring/01-spring-fundamentals/03-hello-human/Human/pom.xml.
2020-11-11 19:56:58,190 [Worker-11: Building] INFO  o.e.m.c.i.e.AbstractTransferListenerAdapter - Downloading https://repo.maven.apache.org/maven2/org/eclipse/jdt/ecj/3.18.0/ecj-3.18.0.jar
2020-11-11 19:56:58,532 [Worker-11: Building] INFO  o.e.m.c.i.e.AbstractTransferListenerAdapter - Downloaded https://repo.maven.apache.org/maven2/org/eclipse/jdt/ecj/3.18.0/ecj-3.18.0.jar
2020-11-11 19:56:59,969 [Worker-11: Building] INFO  o.e.m.c.i.embedder.EclipseLogger - Using 'UTF-8' encoding to copy filtered resources.
2020-11-11 19:56:59,973 [Worker-11: Building] INFO  o.e.m.c.i.embedder.EclipseLogger - Copying 0 resource
2020-11-11 19:56:59,975 [Worker-11: Building] INFO  o.e.m.c.i.embedder.EclipseLogger - Copying 0 resource
2020-11-11 19:56:59,988 [Worker-11: Building] INFO  o.e.m.c.i.embedder.EclipseLogger - Using 'UTF-8' encoding to copy filtered resources.
2020-11-11 19:56:59,988 [Worker-11: Building] INFO  o.e.m.c.i.embedder.EclipseLogger - skip non existing resourceDirectory /Users/Trevor/Desktop/CodingDojo/javafun/TrevorR-Assignments/04-java-spring/01-spring-fundamentals/03-hello-human/Human/src/test/resources
2020-11-11 19:56:59,988 [Worker-11: Building] INFO  o.e.m.w.i.f.ResourceFilteringBuildParticipant - Changed resources require a complete clean of filtered resources of Human
2020-11-11 19:56:59,989 [Worker-11: Building] INFO  o.e.m.w.i.f.ResourceFilteringBuildParticipant - Executing resource filtering for Human
2020-11-11 19:56:59,996 [Worker-11: Building] INFO  o.e.m.c.i.embedder.EclipseLogger - Using 'UTF-8' encoding to copy filtered resources.
2020-11-11 19:57:00,535 [Worker-8: Building] INFO  o.e.m.c.i.embedder.EclipseLogger - Using 'UTF-8' encoding to copy filtered resources.
2020-11-11 19:57:00,544 [Worker-8: Building] INFO  o.e.m.c.i.embedder.EclipseLogger - Copying 1 resource
2020-11-11 19:57:00,559 [Worker-8: Building] INFO  o.e.m.c.i.embedder.EclipseLogger - Copying 0 resource
2020-11-11 19:57:00,564 [Worker-8: Building] INFO  o.e.m.c.i.embedder.EclipseLogger - Using 'UTF-8' encoding to copy filtered resources.
2020-11-11 19:57:00,564 [Worker-8: Building] INFO  o.e.m.c.i.embedder.EclipseLogger - skip non existing resourceDirectory /Users/Trevor/Desktop/CodingDojo/javafun/TrevorR-Assignments/04-java-spring/01-spring-fundamentals/03-hello-human/Human/src/test/resources
2020-11-11 19:57:00,643 [Worker-6: Download sources and javadoc] INFO  o.e.m.c.i.e.AbstractTransferListenerAdapter - Downloading https://repo.maven.apache.org/maven2/org/apache/tomcat/embed/tomcat-embed-jasper/9.0.39/tomcat-embed-jasper-9.0.39-sources.jar
2020-11-11 19:57:00,751 [Worker-6: Download sources and javadoc] INFO  o.e.m.c.i.e.AbstractTransferListenerAdapter - Downloaded https://repo.maven.apache.org/maven2/org/apache/tomcat/embed/tomcat-embed-jasper/9.0.39/tomcat-embed-jasper-9.0.39-sources.jar
2020-11-11 19:57:00,773 [Worker-6: Download sources and javadoc] INFO  o.e.m.j.internal.DownloadSourcesJob - Downloaded sources for org.apache.tomcat.embed:tomcat-embed-jasper:9.0.39
2020-11-11 19:57:01,037 [Worker-6: Download sources and javadoc] INFO  o.e.m.c.i.e.AbstractTransferListenerAdapter - Downloading https://repo.maven.apache.org/maven2/org/apache/tomcat/tomcat-annotations-api/9.0.39/tomcat-annotations-api-9.0.39-sources.jar
2020-11-11 19:57:01,107 [Worker-6: Download sources and javadoc] INFO  o.e.m.c.i.e.AbstractTransferListenerAdapter - Downloaded https://repo.maven.apache.org/maven2/org/apache/tomcat/tomcat-annotations-api/9.0.39/tomcat-annotations-api-9.0.39-sources.jar
2020-11-11 19:57:01,133 [Worker-6: Download sources and javadoc] INFO  o.e.m.j.internal.DownloadSourcesJob - Downloaded sources for org.apache.tomcat:tomcat-annotations-api:9.0.39
2020-11-11 19:57:01,257 [Worker-6: Download sources and javadoc] INFO  o.e.m.c.i.e.AbstractTransferListenerAdapter - Downloading https://repo.maven.apache.org/maven2/org/apache/tomcat/embed/tomcat-embed-el/9.0.39/tomcat-embed-el-9.0.39-sources.jar
2020-11-11 19:57:01,331 [Worker-6: Download sources and javadoc] INFO  o.e.m.c.i.e.AbstractTransferListenerAdapter - Downloaded https://repo.maven.apache.org/maven2/org/apache/tomcat/embed/tomcat-embed-el/9.0.39/tomcat-embed-el-9.0.39-sources.jar
2020-11-11 19:57:01,350 [Worker-6: Download sources and javadoc] INFO  o.e.m.j.internal.DownloadSourcesJob - Downloaded sources for org.apache.tomcat.embed:tomcat-embed-el:9.0.39
2020-11-11 19:57:01,484 [Worker-6: Download sources and javadoc] INFO  o.e.m.c.i.e.AbstractTransferListenerAdapter - Downloading https://repo.maven.apache.org/maven2/org/eclipse/jdt/ecj/3.18.0/ecj-3.18.0-sources.jar
2020-11-11 19:57:01,924 [Worker-6: Download sources and javadoc] INFO  o.e.m.c.i.e.AbstractTransferListenerAdapter - Downloaded https://repo.maven.apache.org/maven2/org/eclipse/jdt/ecj/3.18.0/ecj-3.18.0-sources.jar
2020-11-11 19:57:01,954 [Worker-6: Download sources and javadoc] INFO  o.e.m.j.internal.DownloadSourcesJob - Downloaded sources for org.eclipse.jdt:ecj:3.18.0
2020-11-11 19:57:02,080 [Worker-6: Download sources and javadoc] INFO  o.e.m.c.i.e.AbstractTransferListenerAdapter - Downloading https://repo.maven.apache.org/maven2/javax/servlet/jstl/1.2/jstl-1.2-sources.jar
2020-11-11 19:57:02,206 [Worker-6: Download sources and javadoc] INFO  o.e.m.c.i.e.AbstractTransferListenerAdapter - Downloaded https://repo.maven.apache.org/maven2/javax/servlet/jstl/1.2/jstl-1.2-sources.jar
2020-11-11 19:57:02,258 [Worker-6: Download sources and javadoc] INFO  o.e.m.j.internal.DownloadSourcesJob - Downloaded sources for javax.servlet:jstl:1.2
2020-11-11 19:57:02,639 [Worker-3: Building] INFO  o.e.m.c.i.embedder.EclipseLogger - Using 'UTF-8' encoding to copy filtered resources.
2020-11-11 19:57:02,639 [Worker-3: Building] INFO  o.e.m.c.i.embedder.EclipseLogger - Copying 0 resource
2020-11-11 19:57:02,639 [Worker-3: Building] INFO  o.e.m.c.i.embedder.EclipseLogger - Copying 0 resource
2020-11-11 19:57:02,641 [Worker-3: Building] INFO  o.e.m.c.i.embedder.EclipseLogger - Using 'UTF-8' encoding to copy filtered resources.
2020-11-11 19:57:02,642 [Worker-3: Building] INFO  o.e.m.c.i.embedder.EclipseLogger - skip non existing resourceDirectory /Users/Trevor/Desktop/CodingDojo/javafun/TrevorR-Assignments/04-java-spring/01-spring-fundamentals/03-hello-human/Human/src/test/resources
2020-11-11 19:59:41,701 [Worker-15: Building] INFO  o.e.m.c.i.embedder.EclipseLogger - Using 'UTF-8' encoding to copy filtered resources.
2020-11-11 19:59:41,711 [Worker-15: Building] INFO  o.e.m.c.i.embedder.EclipseLogger - Copying 1 resource
2020-11-11 19:59:41,713 [Worker-15: Building] INFO  o.e.m.c.i.embedder.EclipseLogger - Copying 0 resource
2020-11-11 19:59:41,716 [Worker-15: Building] INFO  o.e.m.c.i.embedder.EclipseLogger - Using 'UTF-8' encoding to copy filtered resources.
2020-11-11 19:59:41,716 [Worker-15: Building] INFO  o.e.m.c.i.embedder.EclipseLogger - skip non existing resourceDirectory /Users/Trevor/Desktop/CodingDojo/javafun/TrevorR-Assignments/04-java-spring/01-spring-fundamentals/03-hello-human/Human/src/test/resources
2020-11-11 20:00:34,980 [Worker-15: Building] INFO  o.e.m.c.i.embedder.EclipseLogger - Using 'UTF-8' encoding to copy filtered resources.
2020-11-11 20:00:34,981 [Worker-15: Building] INFO  o.e.m.c.i.embedder.EclipseLogger - Copying 0 resource
2020-11-11 20:00:34,982 [Worker-15: Building] INFO  o.e.m.c.i.embedder.EclipseLogger - Copying 0 resource
2020-11-11 20:00:34,986 [Worker-15: Building] INFO  o.e.m.c.i.embedder.EclipseLogger - Using 'UTF-8' encoding to copy filtered resources.
2020-11-11 20:00:34,986 [Worker-15: Building] INFO  o.e.m.c.i.embedder.EclipseLogger - skip non existing resourceDirectory /Users/Trevor/Desktop/CodingDojo/javafun/TrevorR-Assignments/04-java-spring/01-spring-fundamentals/03-hello-human/Human/src/test/resources
2020-11-11 20:01:16,361 [Worker-0: Building] INFO  o.e.m.c.i.embedder.EclipseLogger - Using 'UTF-8' encoding to copy filtered resources.
2020-11-11 20:01:16,362 [Worker-0: Building] INFO  o.e.m.c.i.embedder.EclipseLogger - Copying 0 resource
2020-11-11 20:01:16,363 [Worker-0: Building] INFO  o.e.m.c.i.embedder.EclipseLogger - Copying 0 resource
2020-11-11 20:01:16,367 [Worker-0: Building] INFO  o.e.m.c.i.embedder.EclipseLogger - Using 'UTF-8' encoding to copy filtered resources.
2020-11-11 20:01:16,367 [Worker-0: Building] INFO  o.e.m.c.i.embedder.EclipseLogger - skip non existing resourceDirectory /Users/Trevor/Desktop/CodingDojo/javafun/TrevorR-Assignments/04-java-spring/01-spring-fundamentals/03-hello-human/Human/src/test/resources
2020-11-11 20:01:23,941 [Worker-16: Building] INFO  o.e.m.c.i.embedder.EclipseLogger - Using 'UTF-8' encoding to copy filtered resources.
2020-11-11 20:01:23,941 [Worker-16: Building] INFO  o.e.m.c.i.embedder.EclipseLogger - Copying 0 resource
2020-11-11 20:01:23,941 [Worker-16: Building] INFO  o.e.m.c.i.embedder.EclipseLogger - Copying 0 resource
2020-11-11 20:01:23,944 [Worker-16: Building] INFO  o.e.m.c.i.embedder.EclipseLogger - Using 'UTF-8' encoding to copy filtered resources.
2020-11-11 20:01:23,945 [Worker-16: Building] INFO  o.e.m.c.i.embedder.EclipseLogger - skip non existing resourceDirectory /Users/Trevor/Desktop/CodingDojo/javafun/TrevorR-Assignments/04-java-spring/01-spring-fundamentals/03-hello-human/Human/src/test/resources
2020-11-11 20:04:26,226 [Worker-22: Building] INFO  o.e.m.c.i.embedder.EclipseLogger - Using 'UTF-8' encoding to copy filtered resources.
2020-11-11 20:04:26,228 [Worker-22: Building] INFO  o.e.m.c.i.embedder.EclipseLogger - Copying 1 resource
2020-11-11 20:04:26,231 [Worker-22: Building] INFO  o.e.m.c.i.embedder.EclipseLogger - Copying 0 resource
2020-11-11 20:04:26,234 [Worker-22: Building] INFO  o.e.m.c.i.embedder.EclipseLogger - Using 'UTF-8' encoding to copy filtered resources.
2020-11-11 20:04:26,234 [Worker-22: Building] INFO  o.e.m.c.i.embedder.EclipseLogger - skip non existing resourceDirectory /Users/Trevor/Desktop/CodingDojo/javafun/TrevorR-Assignments/04-java-spring/01-spring-fundamentals/03-hello-human/Human/src/test/resources
2020-11-11 20:04:27,291 [Worker-23: Building] INFO  o.e.m.c.i.embedder.EclipseLogger - Using 'UTF-8' encoding to copy filtered resources.
2020-11-11 20:04:27,291 [Worker-23: Building] INFO  o.e.m.c.i.embedder.EclipseLogger - Copying 0 resource
2020-11-11 20:04:27,291 [Worker-23: Building] INFO  o.e.m.c.i.embedder.EclipseLogger - Copying 0 resource
2020-11-11 20:04:27,293 [Worker-23: Building] INFO  o.e.m.c.i.embedder.EclipseLogger - Using 'UTF-8' encoding to copy filtered resources.
2020-11-11 20:04:27,293 [Worker-23: Building] INFO  o.e.m.c.i.embedder.EclipseLogger - skip non existing resourceDirectory /Users/Trevor/Desktop/CodingDojo/javafun/TrevorR-Assignments/04-java-spring/01-spring-fundamentals/03-hello-human/Human/src/test/resources
2020-11-11 20:26:49,248 [Worker-32: Building] INFO  o.e.m.c.i.embedder.EclipseLogger - Using 'UTF-8' encoding to copy filtered resources.
2020-11-11 20:26:49,250 [Worker-32: Building] INFO  o.e.m.c.i.embedder.EclipseLogger - Copying 1 resource
2020-11-11 20:26:49,253 [Worker-32: Building] INFO  o.e.m.c.i.embedder.EclipseLogger - Copying 0 resource
2020-11-11 20:26:49,258 [Worker-32: Building] INFO  o.e.m.c.i.embedder.EclipseLogger - Using 'UTF-8' encoding to copy filtered resources.
2020-11-11 20:26:49,258 [Worker-32: Building] INFO  o.e.m.c.i.embedder.EclipseLogger - skip non existing resourceDirectory /Users/Trevor/Desktop/CodingDojo/javafun/TrevorR-Assignments/04-java-spring/01-spring-fundamentals/03-hello-human/Human/src/test/resources
2020-11-11 20:26:52,191 [Worker-31: Building] INFO  o.e.m.c.i.embedder.EclipseLogger - Using 'UTF-8' encoding to copy filtered resources.
2020-11-11 20:26:52,192 [Worker-31: Building] INFO  o.e.m.c.i.embedder.EclipseLogger - Copying 0 resource
2020-11-11 20:26:52,192 [Worker-31: Building] INFO  o.e.m.c.i.embedder.EclipseLogger - Copying 0 resource
2020-11-11 20:26:52,199 [Worker-31: Building] INFO  o.e.m.c.i.embedder.EclipseLogger - Using 'UTF-8' encoding to copy filtered resources.
2020-11-11 20:26:52,199 [Worker-31: Building] INFO  o.e.m.c.i.embedder.EclipseLogger - skip non existing resourceDirectory /Users/Trevor/Desktop/CodingDojo/javafun/TrevorR-Assignments/04-java-spring/01-spring-fundamentals/03-hello-human/Human/src/test/resources
2020-11-11 20:29:42,134 [Worker-35: Building] INFO  o.e.m.c.i.embedder.EclipseLogger - Using 'UTF-8' encoding to copy filtered resources.
2020-11-11 20:29:42,135 [Worker-35: Building] INFO  o.e.m.c.i.embedder.EclipseLogger - Copying 0 resource
2020-11-11 20:29:42,135 [Worker-35: Building] INFO  o.e.m.c.i.embedder.EclipseLogger - Copying 0 resource
2020-11-11 20:29:42,138 [Worker-35: Building] INFO  o.e.m.c.i.embedder.EclipseLogger - Using 'UTF-8' encoding to copy filtered resources.
2020-11-11 20:29:42,138 [Worker-35: Building] INFO  o.e.m.c.i.embedder.EclipseLogger - skip non existing resourceDirectory /Users/Trevor/Desktop/CodingDojo/javafun/TrevorR-Assignments/04-java-spring/01-spring-fundamentals/03-hello-human/Human/src/test/resources
2020-11-11 20:37:25,037 [Worker-41: Building] INFO  o.e.m.c.i.embedder.EclipseLogger - Using 'UTF-8' encoding to copy filtered resources.
2020-11-11 20:37:25,038 [Worker-41: Building] INFO  o.e.m.c.i.embedder.EclipseLogger - Copying 0 resource
2020-11-11 20:37:25,039 [Worker-41: Building] INFO  o.e.m.c.i.embedder.EclipseLogger - Copying 0 resource
2020-11-11 20:37:25,041 [Worker-41: Building] INFO  o.e.m.c.i.embedder.EclipseLogger - Using 'UTF-8' encoding to copy filtered resources.
2020-11-11 20:37:25,041 [Worker-41: Building] INFO  o.e.m.c.i.embedder.EclipseLogger - skip non existing resourceDirectory /Users/Trevor/Desktop/CodingDojo/javafun/TrevorR-Assignments/04-java-spring/01-spring-fundamentals/03-hello-human/Human/src/test/resources
2020-11-11 20:37:46,862 [Worker-41: Building] INFO  o.e.m.c.i.embedder.EclipseLogger - Using 'UTF-8' encoding to copy filtered resources.
2020-11-11 20:37:46,862 [Worker-41: Building] INFO  o.e.m.c.i.embedder.EclipseLogger - Copying 0 resource
2020-11-11 20:37:46,862 [Worker-41: Building] INFO  o.e.m.c.i.embedder.EclipseLogger - Copying 0 resource
2020-11-11 20:37:46,864 [Worker-41: Building] INFO  o.e.m.c.i.embedder.EclipseLogger - Using 'UTF-8' encoding to copy filtered resources.
2020-11-11 20:37:46,864 [Worker-41: Building] INFO  o.e.m.c.i.embedder.EclipseLogger - skip non existing resourceDirectory /Users/Trevor/Desktop/CodingDojo/javafun/TrevorR-Assignments/04-java-spring/01-spring-fundamentals/03-hello-human/Human/src/test/resources
2020-11-11 20:43:43,136 [Worker-45: Launching Human - HumanApplication] INFO  o.e.m.c.i.embedder.EclipseLogger - Using 'UTF-8' encoding to copy filtered resources.
2020-11-11 20:43:43,136 [Worker-45: Launching Human - HumanApplication] INFO  o.e.m.c.i.embedder.EclipseLogger - Copying 1 resource
2020-11-11 20:43:43,140 [Worker-45: Launching Human - HumanApplication] INFO  o.e.m.c.i.embedder.EclipseLogger - Copying 0 resource
2020-11-11 20:43:43,145 [Worker-45: Launching Human - HumanApplication] INFO  o.e.m.c.i.embedder.EclipseLogger - Using 'UTF-8' encoding to copy filtered resources.
2020-11-11 20:43:43,159 [Worker-45: Launching Human - HumanApplication] INFO  o.e.m.c.i.embedder.EclipseLogger - skip non existing resourceDirectory /Users/Trevor/Desktop/CodingDojo/javafun/TrevorR-Assignments/04-java-spring/01-spring-fundamentals/03-hello-human/Human/src/test/resources
2020-11-11 20:45:37,162 [Worker-46: Building] INFO  o.e.m.c.i.embedder.EclipseLogger - Using 'UTF-8' encoding to copy filtered resources.
2020-11-11 20:45:37,163 [Worker-46: Building] INFO  o.e.m.c.i.embedder.EclipseLogger - Copying 0 resource
2020-11-11 20:45:37,163 [Worker-46: Building] INFO  o.e.m.c.i.embedder.EclipseLogger - Copying 0 resource
2020-11-11 20:45:37,166 [Worker-46: Building] INFO  o.e.m.c.i.embedder.EclipseLogger - Using 'UTF-8' encoding to copy filtered resources.
2020-11-11 20:45:37,166 [Worker-46: Building] INFO  o.e.m.c.i.embedder.EclipseLogger - skip non existing resourceDirectory /Users/Trevor/Desktop/CodingDojo/javafun/TrevorR-Assignments/04-java-spring/01-spring-fundamentals/03-hello-human/Human/src/test/resources
2020-11-11 20:49:42,581 [Worker-54: Launching Human - HumanApplication] INFO  o.e.m.c.i.embedder.EclipseLogger - Using 'UTF-8' encoding to copy filtered resources.
2020-11-11 20:49:42,582 [Worker-54: Launching Human - HumanApplication] INFO  o.e.m.c.i.embedder.EclipseLogger - Copying 1 resource
2020-11-11 20:49:42,584 [Worker-54: Launching Human - HumanApplication] INFO  o.e.m.c.i.embedder.EclipseLogger - Copying 0 resource
2020-11-11 20:49:42,586 [Worker-54: Launching Human - HumanApplication] INFO  o.e.m.c.i.embedder.EclipseLogger - Using 'UTF-8' encoding to copy filtered resources.
2020-11-11 20:49:42,650 [Worker-54: Launching Human - HumanApplication] INFO  o.e.m.c.i.embedder.EclipseLogger - skip non existing resourceDirectory /Users/Trevor/Desktop/CodingDojo/javafun/TrevorR-Assignments/04-java-spring/01-spring-fundamentals/03-hello-human/Human/src/test/resources
2020-11-11 20:52:58,127 [Worker-63: Building] INFO  o.e.m.c.i.embedder.EclipseLogger - Using 'UTF-8' encoding to copy filtered resources.
2020-11-11 20:52:58,128 [Worker-63: Building] INFO  o.e.m.c.i.embedder.EclipseLogger - Copying 1 resource
2020-11-11 20:52:58,140 [Worker-63: Building] INFO  o.e.m.c.i.embedder.EclipseLogger - Copying 0 resource
2020-11-11 20:52:58,142 [Worker-63: Building] INFO  o.e.m.c.i.embedder.EclipseLogger - Using 'UTF-8' encoding to copy filtered resources.
2020-11-11 20:52:58,142 [Worker-63: Building] INFO  o.e.m.c.i.embedder.EclipseLogger - skip non existing resourceDirectory /Users/Trevor/Desktop/CodingDojo/javafun/TrevorR-Assignments/04-java-spring/01-spring-fundamentals/03-hello-human/Human/src/test/resources
2020-11-11 20:56:31,406 [Worker-64: Building] INFO  o.e.m.c.i.embedder.EclipseLogger - Using 'UTF-8' encoding to copy filtered resources.
2020-11-11 20:56:31,408 [Worker-64: Building] INFO  o.e.m.c.i.embedder.EclipseLogger - Copying 1 resource
2020-11-11 20:56:31,411 [Worker-64: Building] INFO  o.e.m.c.i.embedder.EclipseLogger - Copying 0 resource
2020-11-11 20:56:31,415 [Worker-64: Building] INFO  o.e.m.c.i.embedder.EclipseLogger - Using 'UTF-8' encoding to copy filtered resources.
2020-11-11 20:56:31,416 [Worker-64: Building] INFO  o.e.m.c.i.embedder.EclipseLogger - skip non existing resourceDirectory /Users/Trevor/Desktop/CodingDojo/javafun/TrevorR-Assignments/04-java-spring/01-spring-fundamentals/03-hello-human/Human/src/test/resources
2020-11-11 20:57:00,609 [Worker-60: Building] INFO  o.e.m.c.i.embedder.EclipseLogger - Using 'UTF-8' encoding to copy filtered resources.
2020-11-11 20:57:00,611 [Worker-60: Building] INFO  o.e.m.c.i.embedder.EclipseLogger - Copying 1 resource
2020-11-11 20:57:00,613 [Worker-60: Building] INFO  o.e.m.c.i.embedder.EclipseLogger - Copying 0 resource
2020-11-11 20:57:00,616 [Worker-60: Building] INFO  o.e.m.c.i.embedder.EclipseLogger - Using 'UTF-8' encoding to copy filtered resources.
2020-11-11 20:57:00,616 [Worker-60: Building] INFO  o.e.m.c.i.embedder.EclipseLogger - skip non existing resourceDirectory /Users/Trevor/Desktop/CodingDojo/javafun/TrevorR-Assignments/04-java-spring/01-spring-fundamentals/03-hello-human/Human/src/test/resources
2020-11-11 20:57:52,936 [Worker-60: Building] INFO  o.e.m.c.i.embedder.EclipseLogger - Using 'UTF-8' encoding to copy filtered resources.
2020-11-11 20:57:52,937 [Worker-60: Building] INFO  o.e.m.c.i.embedder.EclipseLogger - Copying 1 resource
2020-11-11 20:57:52,948 [Worker-60: Building] INFO  o.e.m.c.i.embedder.EclipseLogger - Copying 0 resource
2020-11-11 20:57:52,951 [Worker-60: Building] INFO  o.e.m.c.i.embedder.EclipseLogger - Using 'UTF-8' encoding to copy filtered resources.
2020-11-11 20:57:52,951 [Worker-60: Building] INFO  o.e.m.c.i.embedder.EclipseLogger - skip non existing resourceDirectory /Users/Trevor/Desktop/CodingDojo/javafun/TrevorR-Assignments/04-java-spring/01-spring-fundamentals/03-hello-human/Human/src/test/resources
2020-11-11 21:00:24,148 [Worker-67: Building] INFO  o.e.m.c.i.embedder.EclipseLogger - Using 'UTF-8' encoding to copy filtered resources.
2020-11-11 21:00:24,148 [Worker-67: Building] INFO  o.e.m.c.i.embedder.EclipseLogger - Copying 1 resource
2020-11-11 21:00:24,156 [Worker-67: Building] INFO  o.e.m.c.i.embedder.EclipseLogger - Copying 0 resource
2020-11-11 21:00:24,162 [Worker-67: Building] INFO  o.e.m.c.i.embedder.EclipseLogger - Using 'UTF-8' encoding to copy filtered resources.
2020-11-11 21:00:24,163 [Worker-67: Building] INFO  o.e.m.c.i.embedder.EclipseLogger - skip non existing resourceDirectory /Users/Trevor/Desktop/CodingDojo/javafun/TrevorR-Assignments/04-java-spring/01-spring-fundamentals/03-hello-human/Human/src/test/resources
2020-11-11 21:14:36,291 [Worker-72: Building] INFO  o.e.m.c.i.embedder.EclipseLogger - Using 'UTF-8' encoding to copy filtered resources.
2020-11-11 21:14:36,292 [Worker-72: Building] INFO  o.e.m.c.i.embedder.EclipseLogger - Copying 0 resource
2020-11-11 21:14:36,295 [Worker-72: Building] INFO  o.e.m.c.i.embedder.EclipseLogger - Copying 0 resource
2020-11-11 21:14:36,298 [Worker-72: Building] INFO  o.e.m.c.i.embedder.EclipseLogger - Using 'UTF-8' encoding to copy filtered resources.
2020-11-11 21:14:36,299 [Worker-72: Building] INFO  o.e.m.c.i.embedder.EclipseLogger - skip non existing resourceDirectory /Users/Trevor/Desktop/CodingDojo/javafun/TrevorR-Assignments/04-java-spring/01-spring-fundamentals/03-hello-human/Human/src/test/resources
2020-11-11 21:15:02,531 [Worker-55: Launching Human - HumanApplication] INFO  o.e.m.c.i.embedder.EclipseLogger - Using 'UTF-8' encoding to copy filtered resources.
2020-11-11 21:15:02,536 [Worker-55: Launching Human - HumanApplication] INFO  o.e.m.c.i.embedder.EclipseLogger - Copying 1 resource
2020-11-11 21:15:02,550 [Worker-55: Launching Human - HumanApplication] INFO  o.e.m.c.i.embedder.EclipseLogger - Copying 0 resource
2020-11-11 21:15:02,552 [Worker-55: Launching Human - HumanApplication] INFO  o.e.m.c.i.embedder.EclipseLogger - Using 'UTF-8' encoding to copy filtered resources.
2020-11-11 21:15:02,556 [Worker-55: Launching Human - HumanApplication] INFO  o.e.m.c.i.embedder.EclipseLogger - skip non existing resourceDirectory /Users/Trevor/Desktop/CodingDojo/javafun/TrevorR-Assignments/04-java-spring/01-spring-fundamentals/03-hello-human/Human/src/test/resources
